<?xml version="1.0" encoding="UTF-8"?>
<!-- Generated by org.testng.reporters.JUnitReportReporter -->
<testsuite hostname="DESKTOP-CCPG5IB" failures="0" tests="1" name="TestRunner.CucumberTestRunner" time="64.282" errors="0" timestamp="2024-03-13T19:08:46 IST" skipped="0">
  <testcase classname="TestRunner.CucumberTestRunner" name="runScenario" time="64.282"/>
  <system-out/>
</testsuite> <!-- TestRunner.CucumberTestRunner -->
